Build started 12/22/2019 1:58:13 PM.
     1>Project "C:\Users\AT TRAN\documents\visual studio 2013\Projects\18520388\18520388\18520388.vcxproj" on node 2 (Build target(s)).
     1>ClCompile:
         C:\Program Files (x86)\Microsoft Visual Studio 12.0\VC\bin\CL.exe /c /ZI /nologo /W3 /WX- /sdl /Od /Oy- /D WIN32 /D _DEBUG /D _CONSOLE /D _LIB /D _UNICODE /D UNICODE /Gm /EHsc /RTC1 /MDd /GS /fp:precise /Zc:wchar_t /Zc:forScope /Fo"Debug\\" /Fd"Debug\vc120.pdb" /Gd /TP /analyze- /errorReport:prompt Main.cpp
         Main.cpp
     1>c:\users\at tran\documents\visual studio 2013\projects\18520388\18520388\main.cpp(75): warning C4244: 'argument' : conversion from 'float' to 'unsigned int', possible loss of data
     1>c:\users\at tran\documents\visual studio 2013\projects\18520388\18520388\main.cpp(76): warning C4244: '=' : conversion from 'int' to 'float', possible loss of data
     1>c:\users\at tran\documents\visual studio 2013\projects\18520388\18520388\main.cpp(77): warning C4244: 'argument' : conversion from 'float' to 'unsigned int', possible loss of data
     1>c:\users\at tran\documents\visual studio 2013\projects\18520388\18520388\main.cpp(78): warning C4244: '=' : conversion from 'int' to 'float', possible loss of data
     1>c:\users\at tran\documents\visual studio 2013\projects\18520388\18520388\main.cpp(80): warning C4244: 'argument' : conversion from 'float' to 'unsigned int', possible loss of data
     1>c:\users\at tran\documents\visual studio 2013\projects\18520388\18520388\main.cpp(81): warning C4244: 'argument' : conversion from 'float' to 'unsigned int', possible loss of data
       Link:
         C:\Program Files (x86)\Microsoft Visual Studio 12.0\VC\bin\link.exe /ERRORREPORT:PROMPT /OUT:"C:\Users\AT TRAN\documents\visual studio 2013\Projects\18520388\Debug\18520388.exe" /INCREMENTAL /NOLOGO kernel32.lib user32.lib gdi32.lib winspool.lib comdlg32.lib advapi32.lib shell32.lib ole32.lib oleaut32.lib uuid.lib odbc32.lib odbccp32.lib /MANIFEST /MANIFESTUAC:"level='asInvoker' uiAccess='false'" /manifest:embed /DEBUG /PDB:"C:\Users\AT TRAN\documents\visual studio 2013\Projects\18520388\Debug\18520388.pdb" /SUBSYSTEM:CONSOLE /TLBID:1 /DYNAMICBASE /NXCOMPAT /IMPLIB:"C:\Users\AT TRAN\documents\visual studio 2013\Projects\18520388\Debug\18520388.lib" /MACHINE:X86 Debug\Diem.obj
         Debug\Hinh.obj
         Debug\HinhChuNhat.obj
         Debug\HinhTron.obj
         Debug\HinhVuong.obj
         Debug\Main.obj
         Debug\Tamgiac.obj
         18520388.vcxproj -> C:\Users\AT TRAN\documents\visual studio 2013\Projects\18520388\Debug\18520388.exe
     1>Done Building Project "C:\Users\AT TRAN\documents\visual studio 2013\Projects\18520388\18520388\18520388.vcxproj" (Build target(s)).

Build succeeded.

Time Elapsed 00:00:00.77
